<?xml version="1.0" encoding="UTF-8"?>
<!-- Generated by org.testng.reporters.JUnitReportReporter -->
<testsuite hostname="DESKTOP-3F9S790" name="com.crm.qa.testscripts.LoginPageTest" tests="3" failures="0" timestamp="5 Jan 2018 22:26:43 GMT" time="56.617" errors="0">
  <testcase name="loginTest" time="29.447" classname="com.crm.qa.testscripts.LoginPageTest"/>
  <testcase name="crmLogoImageTest" time="13.385" classname="com.crm.qa.testscripts.LoginPageTest"/>
  <testcase name="loginPageTitleTest" time="13.785" classname="com.crm.qa.testscripts.LoginPageTest"/>
</testsuite> <!-- com.crm.qa.testscripts.LoginPageTest -->
